[debug] > Exec(early(addDefaultCommands), None, None)
[debug] > Exec(addDefaultCommands, None, None)
[debug] > Exec(early(initialize), None, None)
[debug] > Exec(initialize, None, None)
[debug] > Exec(early(addPluginSbtFile="""C:\Users\stani\AppData\Local\Temp\idea197.sbt"""), None, None)
[debug] > Exec(addPluginSbtFile="""C:\Users\stani\AppData\Local\Temp\idea197.sbt""", None, None)
[debug] > Exec(boot, None, None)
[debug] > Exec(writeSbtVersion, None, None)
[debug] > Exec(reload, None, None)
[debug] > Exec(sbtStashOnFailure, None, None)
[debug] > Exec(onFailure loadFailed, None, None)
[debug] > Exec(loadp, None, None)
[info] welcome to sbt 1.4.3 (AdoptOpenJDK Java 11.0.10)
[debug]       Load.loadUnit: plugins took 94.4958ms
[debug]       Load.loadUnit: defsScala took 0.3916ms
[debug] [Loading] Scanning directory C:\Users\stani\.sbt\1.0\plugins
[debug] [Loading] Found non-root projects 
[debug] [Loading] Done in C:\Users\stani\.sbt\1.0\plugins, returning: ()
[debug] deducing auto plugins based on known facts Set(Atom(sbt.plugins.CorePlugin)) and clauses Clauses(List(Clause(Atom(sbt.plugins.JvmPlugin),Set(Atom(sbt.plugins.IvyPlugin))), Clause(Atom(sbt.ScriptedPlugin),Set(Atom(sbt.plugins.JvmPlugin))), Clause(Atom(sbt.plugins.SbtPlugin),Set(Atom(sbt.ScriptedPlugin))), Clause(Atom(sbt.plugins.SemanticdbPlugin),Set(Atom(sbt.plugins.JvmPlugin))), Clause(Atom(sbt.plugins.JUnitXmlReportPlugin),Set(Atom(sbt.plugins.JvmPlugin))), Clause(Atom(sbt.plugins.MiniDependencyTreePlugin),Set(Atom(sbt.plugins.JvmPlugin))), Clause(Atom(sbt.plugins.CorePlugin),Set(Atom(sbt.plugins.IvyPlugin))), Clause(Atom(sbt.plugins.IvyPlugin),Set(Atom(sbt.plugins.JvmPlugin))), Clause(Atom(sbt.plugins.JvmPlugin),Set(Atom(sbt.plugins.SemanticdbPlugin))), Clause(Atom(sbt.plugins.JvmPlugin),Set(Atom(sbt.plugins.JUnitXmlReportPlugin))), Clause(Atom(sbt.plugins.CorePlugin),Set(Atom(sbt.plugins.Giter8TemplatePlugin))), Clause(Atom(sbt.plugins.JvmPlugin),Set(Atom(sbt.plugins.MiniDependencyTreePlugin)))))
[debug]   :: deduced result: Matched(sbt.plugins.CorePlugin,sbt.plugins.Giter8TemplatePlugin,sbt.plugins.IvyPlugin,sbt.plugins.JvmPlugin,sbt.plugins.MiniDependencyTreePlugin,sbt.plugins.JUnitXmlReportPlugin,sbt.plugins.SemanticdbPlugin)
[debug] Plugins.deducer#function took 22.7069 ms
[debug]           Load.resolveProject(global-plugins) took 44.4866ms
[debug]         Load.loadTransitive: finalizeProject(Project(id global-plugins, base: C:\Users\stani\.sbt\1.0\plugins, plugins: List(<none>))) took 90.8592ms
[debug] [Loading] Done in C:\Users\stani\.sbt\1.0\plugins, returning: (global-plugins)
[debug]       Load.loadUnit: loadedProjectsRaw took 110.1971ms
[debug]       Load.loadUnit: cleanEvalClasses took 0.2504ms
[debug]     Load.loadUnit(file:/C:/Users/stani/.sbt/1.0/plugins/, ...) took 215.061ms
[debug]   Load.apply: load took 382.55ms
[debug]   Load.apply: resolveProjects took 5.5342ms
[debug]   Load.apply: finalTransforms took 55.0131ms
[debug]   Load.apply: config.delegates took 7.2312ms
[debug]   Load.apply: Def.make(settings)... took 1017.008ms
[debug]   Load.apply: structureIndex took 132.0114ms
[debug]   Load.apply: mkStreams took 1.9453ms
[info] loading global plugins from C:\Users\stani\.sbt\1.0\plugins
[debug] Running task... Cancel: Signal, check cycles: false, forcegc: true
[debug] Load.defaultLoad until apply took 3029.5495ms
[debug]           Load.loadUnit: plugins took 23.2349ms
[debug]           Load.loadUnit: defsScala took 0.0049ms
[debug] [Loading] Scanning directory D:\Scala\Projects\tcp-client\project
[debug]             Load.loadUnit: mkEval took 8.519ms
[debug] [Loading] Found non-root projects 
[debug] [Loading] Done in D:\Scala\Projects\tcp-client\project, returning: ()
[debug] deducing auto plugins based on known facts Set(Atom(sbt.plugins.CorePlugin)) and clauses Clauses(List(Clause(Atom(sbt.plugins.JvmPlugin),Set(Atom(sbt.plugins.IvyPlugin))), Clause(Atom(sbt.ScriptedPlugin),Set(Atom(sbt.plugins.JvmPlugin))), Clause(Atom(sbt.plugins.SbtPlugin),Set(Atom(sbt.ScriptedPlugin))), Clause(Atom(sbt.plugins.SemanticdbPlugin),Set(Atom(sbt.plugins.JvmPlugin))), Clause(Atom(sbt.plugins.JUnitXmlReportPlugin),Set(Atom(sbt.plugins.JvmPlugin))), Clause(Atom(sbt.plugins.MiniDependencyTreePlugin),Set(Atom(sbt.plugins.JvmPlugin))), Clause(Atom(sbt.plugins.CorePlugin),Set(Atom(sbt.plugins.IvyPlugin))), Clause(Atom(sbt.plugins.IvyPlugin),Set(Atom(sbt.plugins.JvmPlugin))), Clause(Atom(sbt.plugins.JvmPlugin),Set(Atom(sbt.plugins.SemanticdbPlugin))), Clause(Atom(sbt.plugins.JvmPlugin),Set(Atom(sbt.plugins.JUnitXmlReportPlugin))), Clause(Atom(sbt.plugins.CorePlugin),Set(Atom(sbt.plugins.Giter8TemplatePlugin))), Clause(Atom(sbt.plugins.JvmPlugin),Set(Atom(sbt.plugins.MiniDependencyTreePlugin)))))
[debug]   :: deduced result: Matched(sbt.plugins.CorePlugin,sbt.plugins.Giter8TemplatePlugin,sbt.plugins.IvyPlugin,sbt.plugins.JvmPlugin,sbt.plugins.MiniDependencyTreePlugin,sbt.plugins.JUnitXmlReportPlugin,sbt.plugins.SemanticdbPlugin)
[debug] Plugins.deducer#function took 1.9692 ms
[info] loading settings for project tcp-client-build from plugins.sbt,idea197.sbt ...
[debug]               Load.resolveProject(tcp-client-build) took 3.5264ms
[debug]             Load.loadTransitive: finalizeProject(Project(id tcp-client-build, base: D:\Scala\Projects\tcp-client\project, plugins: List(<none>))) took 6.0283ms
[debug] [Loading] Done in D:\Scala\Projects\tcp-client\project, returning: (tcp-client-build)
[debug]           Load.loadUnit: loadedProjectsRaw took 145.713ms
[debug]           Load.loadUnit: cleanEvalClasses took 5.4606ms
[debug]         Load.loadUnit(file:/D:/Scala/Projects/tcp-client/project/, ...) took 175.353ms
[debug]       Load.apply: load took 176.5432ms
[debug]       Load.apply: resolveProjects took 0.1408ms
[debug]       Load.apply: finalTransforms took 11.4553ms
[debug]       Load.apply: config.delegates took 0.4366ms
[debug]       Load.apply: Def.make(settings)... took 69.0702ms
[debug]       Load.apply: structureIndex took 31.7935ms
[debug]       Load.apply: mkStreams took 0.003ms
[info] loading project definition from D:\Scala\Projects\tcp-client\project
[debug] Running task... Cancel: Signal, check cycles: false, forcegc: true
[debug]     Load.loadUnit: plugins took 574.8248ms
[debug]     Load.loadUnit: defsScala took 0.003ms
[debug] [Loading] Scanning directory D:\Scala\Projects\tcp-client
[debug]       Load.loadUnit: mkEval took 0.2854ms
[debug] [Loading] Found non-root projects 
[debug] [Loading] Done in D:\Scala\Projects\tcp-client, returning: ()
[debug] deducing auto plugins based on known facts Set(Atom(sbt.plugins.CorePlugin)) and clauses Clauses(List(Clause(Atom(sbt.plugins.JvmPlugin),Set(Atom(sbt.plugins.IvyPlugin))), Clause(Atom(sbt.ScriptedPlugin),Set(Atom(sbt.plugins.JvmPlugin))), Clause(Atom(sbt.plugins.SbtPlugin),Set(Atom(sbt.ScriptedPlugin))), Clause(Atom(sbt.plugins.SemanticdbPlugin),Set(Atom(sbt.plugins.JvmPlugin))), Clause(Atom(sbt.plugins.JUnitXmlReportPlugin),Set(Atom(sbt.plugins.JvmPlugin))), Clause(Atom(sbt.plugins.MiniDependencyTreePlugin),Set(Atom(sbt.plugins.JvmPlugin))), Clause(Atom(com.typesafe.sbteclipse.plugin.EclipsePlugin),Set(Atom(sbt.plugins.JvmPlugin))), Clause(Atom(org.jetbrains.sbt.StructurePlugin),Set(Atom(sbt.plugins.JvmPlugin))), Clause(Atom(org.jetbrains.sbt.IdeaShellPlugin),Set(Atom(sbt.plugins.JvmPlugin))), Clause(Atom(org.jetbrains.sbt.indices.SbtIntellijIndicesPlugin),Set(Atom(sbt.plugins.JvmPlugin))), Clause(Atom(sbt.plugins.CorePlugin),Set(Atom(sbt.plugins.IvyPlugin))), Clause(Atom(sbt.plugins.IvyPlugin),Set(Atom(sbt.plugins.JvmPlugin))), Clause(Atom(sbt.plugins.JvmPlugin),Set(Atom(sbt.plugins.SemanticdbPlugin))), Clause(Atom(sbt.plugins.JvmPlugin),Set(Atom(sbt.plugins.JUnitXmlReportPlugin))), Clause(Atom(sbt.plugins.CorePlugin),Set(Atom(sbt.plugins.Giter8TemplatePlugin))), Clause(Atom(sbt.plugins.JvmPlugin),Set(Atom(sbt.plugins.MiniDependencyTreePlugin))), Clause(Atom(sbt.plugins.JvmPlugin),Set(Atom(com.typesafe.sbteclipse.plugin.EclipsePlugin))), Clause(Atom(sbt.plugins.JvmPlugin),Set(Atom(org.jetbrains.sbt.StructurePlugin))), Clause(Atom(sbt.plugins.JvmPlugin),Set(Atom(org.jetbrains.sbt.IdeaShellPlugin))), Clause(And(Set(Atom(sbt.plugins.CorePlugin), Atom(sbt.plugins.JvmPlugin))),Set(Atom(org.jetbrains.sbt.indices.SbtIntellijIndicesPlugin)))))
[debug]   :: deduced result: Matched(sbt.plugins.CorePlugin,sbt.plugins.Giter8TemplatePlugin,sbt.plugins.IvyPlugin,sbt.plugins.JvmPlugin,com.typesafe.sbteclipse.plugin.EclipsePlugin,sbt.plugins.SemanticdbPlugin,org.jetbrains.sbt.indices.SbtIntellijIndicesPlugin,sbt.plugins.JUnitXmlReportPlugin,org.jetbrains.sbt.IdeaShellPlugin,org.jetbrains.sbt.StructurePlugin,sbt.plugins.MiniDependencyTreePlugin)
[debug] Plugins.deducer#function took 2.5102 ms
[info] loading settings for project tcp-client from build.sbt ...
[debug]         Load.resolveProject(tcp-client) took 47.5489ms
[debug]       Load.loadTransitive: finalizeProject(Project(id tcp-client, base: D:\Scala\Projects\tcp-client, plugins: List(<none>))) took 51.3951ms
[debug] [Loading] Done in D:\Scala\Projects\tcp-client, returning: (tcp-client)
[debug]     Load.loadUnit: loadedProjectsRaw took 106.6839ms
[debug]     Load.loadUnit: cleanEvalClasses took 5.8213ms
[debug]   Load.loadUnit(file:/D:/Scala/Projects/tcp-client/, ...) took 687.9971ms
[debug] Load.apply: load took 689.4998ms
[debug] Load.apply: resolveProjects took 0.2498ms
[debug] Load.apply: finalTransforms took 35.8359ms
[debug] Load.apply: config.delegates took 0.4582ms
[debug] Load.apply: Def.make(settings)... took 117.1192ms
[debug] Load.apply: structureIndex took 28.4454ms
[debug] Load.apply: mkStreams took 0.0026ms
[info] set current project to tcp-client (in build file:/D:/Scala/Projects/tcp-client/)
[debug] > Exec(sbtPopOnFailure, None, None)
[debug] > Exec(resumeFromFailure, None, None)
[debug] > Exec(notifyUsersAboutShell, None, None)
[debug] > Exec(iflast shell, None, None)
[debug] > Exec(; set ideaPort in Global := 54460 ; idea-shell, None, None)
[debug] > Exec(set ideaPort in Global := 54460, None, None)
[info] Defining Global / ideaPort
[info] The new value will be used by Compile / compile, Test / compile
[debug] Defining 
[debug] 	Global / ideaPort
[debug] 
[debug] The new value will be used by 
[debug] 	Compile / compile
[debug] 	Test / compile
[info] Reapplying settings...
[info] set current project to tcp-client (in build file:/D:/Scala/Projects/tcp-client/)
[debug] > Exec(idea-shell, None, None)
