[debug] > Exec(test, None, None)
[debug] Evaluating tasks: Test / test
[debug] Running task... Cancel: Signal, check cycles: false, forcegc: true
[info] compiling 10 Scala sources to D:\Scala\Projects\tcp-server\target\scala-2.13\classes ...
[info] Non-compiled module 'compiler-bridge_2.13' for Scala 2.13.5. Compiling...
[info]   Compilation completed in 9.063s.
[warn] 1 deprecation (since 2.13.0); re-run with -deprecation for details
[warn] one warning found
[info] done compiling
[info] compiling 1 Scala source to D:\Scala\Projects\tcp-server\target\scala-2.13\test-classes ...
[info] done compiling
[info] AuthenticationSpec:
[info] An Echo actor
[info] - must send back messages unchanged
[info] Run completed in 1 second, 120 milliseconds.
[info] Total number of tests run: 1
[info] Suites: completed 1, aborted 0
[info] Tests: succeeded 1, failed 0, canceled 0, ignored 0, pending 0
[info] All tests passed.
[success] Total time: 19 s, completed 21 апр. 2021 г., 10:57:20
[debug] > Exec(idea-shell, None, None)
