[debug] > Exec(early(addDefaultCommands), None, None)
[debug] > Exec(addDefaultCommands, None, None)
[debug] > Exec(early(initialize), None, None)
[debug] > Exec(initialize, None, None)
[debug] > Exec(early(addPluginSbtFile="""C:\Users\stani\AppData\Local\Temp\idea632.sbt"""), None, None)
[debug] > Exec(addPluginSbtFile="""C:\Users\stani\AppData\Local\Temp\idea632.sbt""", None, None)
[debug] > Exec(boot, None, None)
[debug] > Exec(writeSbtVersion, None, None)
[debug] > Exec(reload, None, None)
[debug] > Exec(sbtStashOnFailure, None, None)
[debug] > Exec(onFailure loadFailed, None, None)
[debug] > Exec(loadp, None, None)
[info] welcome to sbt 1.4.3 (AdoptOpenJDK Java 11.0.10)
[debug]       Load.loadUnit: plugins took 91.1428ms
[debug]       Load.loadUnit: defsScala took 0.2223ms
[debug] [Loading] Scanning directory C:\Users\stani\.sbt\1.0\plugins
[debug] [Loading] Found non-root projects 
[debug] [Loading] Done in C:\Users\stani\.sbt\1.0\plugins, returning: ()
[debug] deducing auto plugins based on known facts Set(Atom(sbt.plugins.CorePlugin)) and clauses Clauses(List(Clause(Atom(sbt.plugins.JvmPlugin),Set(Atom(sbt.plugins.IvyPlugin))), Clause(Atom(sbt.ScriptedPlugin),Set(Atom(sbt.plugins.JvmPlugin))), Clause(Atom(sbt.plugins.SbtPlugin),Set(Atom(sbt.ScriptedPlugin))), Clause(Atom(sbt.plugins.SemanticdbPlugin),Set(Atom(sbt.plugins.JvmPlugin))), Clause(Atom(sbt.plugins.JUnitXmlReportPlugin),Set(Atom(sbt.plugins.JvmPlugin))), Clause(Atom(sbt.plugins.MiniDependencyTreePlugin),Set(Atom(sbt.plugins.JvmPlugin))), Clause(Atom(sbt.plugins.CorePlugin),Set(Atom(sbt.plugins.IvyPlugin))), Clause(Atom(sbt.plugins.IvyPlugin),Set(Atom(sbt.plugins.JvmPlugin))), Clause(Atom(sbt.plugins.JvmPlugin),Set(Atom(sbt.plugins.SemanticdbPlugin))), Clause(Atom(sbt.plugins.JvmPlugin),Set(Atom(sbt.plugins.JUnitXmlReportPlugin))), Clause(Atom(sbt.plugins.CorePlugin),Set(Atom(sbt.plugins.Giter8TemplatePlugin))), Clause(Atom(sbt.plugins.JvmPlugin),Set(Atom(sbt.plugins.MiniDependencyTreePlugin)))))
[debug]   :: deduced result: Matched(sbt.plugins.CorePlugin,sbt.plugins.Giter8TemplatePlugin,sbt.plugins.IvyPlugin,sbt.plugins.JvmPlugin,sbt.plugins.MiniDependencyTreePlugin,sbt.plugins.JUnitXmlReportPlugin,sbt.plugins.SemanticdbPlugin)
[debug] Plugins.deducer#function took 22.9367 ms
[debug]           Load.resolveProject(global-plugins) took 45.0948ms
[debug]         Load.loadTransitive: finalizeProject(Project(id global-plugins, base: C:\Users\stani\.sbt\1.0\plugins, plugins: List(<none>))) took 91.5316ms
[debug] [Loading] Done in C:\Users\stani\.sbt\1.0\plugins, returning: (global-plugins)
[debug]       Load.loadUnit: loadedProjectsRaw took 108.6294ms
[debug]       Load.loadUnit: cleanEvalClasses took 0.235ms
[debug]     Load.loadUnit(file:/C:/Users/stani/.sbt/1.0/plugins/, ...) took 207.5521ms
[debug]   Load.apply: load took 364.4555ms
[debug]   Load.apply: resolveProjects took 6.3659ms
[debug]   Load.apply: finalTransforms took 56.7332ms
[debug]   Load.apply: config.delegates took 6.7663ms
[debug]   Load.apply: Def.make(settings)... took 783.9649ms
[debug]   Load.apply: structureIndex took 91.7056ms
[debug]   Load.apply: mkStreams took 1.7462ms
[info] loading global plugins from C:\Users\stani\.sbt\1.0\plugins
[debug] Running task... Cancel: Signal, check cycles: false, forcegc: true
[debug] Load.defaultLoad until apply took 2778.4421ms
[debug]           Load.loadUnit: plugins took 17.648ms
[debug]           Load.loadUnit: defsScala took 0.0026ms
[debug] [Loading] Scanning directory D:\Scala\Projects\tcp-server\project
[debug]             Load.loadUnit: mkEval took 5.2454ms
[debug] [Loading] Found non-root projects 
[debug] [Loading] Done in D:\Scala\Projects\tcp-server\project, returning: ()
[debug] deducing auto plugins based on known facts Set(Atom(sbt.plugins.CorePlugin)) and clauses Clauses(List(Clause(Atom(sbt.plugins.JvmPlugin),Set(Atom(sbt.plugins.IvyPlugin))), Clause(Atom(sbt.ScriptedPlugin),Set(Atom(sbt.plugins.JvmPlugin))), Clause(Atom(sbt.plugins.SbtPlugin),Set(Atom(sbt.ScriptedPlugin))), Clause(Atom(sbt.plugins.SemanticdbPlugin),Set(Atom(sbt.plugins.JvmPlugin))), Clause(Atom(sbt.plugins.JUnitXmlReportPlugin),Set(Atom(sbt.plugins.JvmPlugin))), Clause(Atom(sbt.plugins.MiniDependencyTreePlugin),Set(Atom(sbt.plugins.JvmPlugin))), Clause(Atom(sbt.plugins.CorePlugin),Set(Atom(sbt.plugins.IvyPlugin))), Clause(Atom(sbt.plugins.IvyPlugin),Set(Atom(sbt.plugins.JvmPlugin))), Clause(Atom(sbt.plugins.JvmPlugin),Set(Atom(sbt.plugins.SemanticdbPlugin))), Clause(Atom(sbt.plugins.JvmPlugin),Set(Atom(sbt.plugins.JUnitXmlReportPlugin))), Clause(Atom(sbt.plugins.CorePlugin),Set(Atom(sbt.plugins.Giter8TemplatePlugin))), Clause(Atom(sbt.plugins.JvmPlugin),Set(Atom(sbt.plugins.MiniDependencyTreePlugin)))))
[debug]   :: deduced result: Matched(sbt.plugins.CorePlugin,sbt.plugins.Giter8TemplatePlugin,sbt.plugins.IvyPlugin,sbt.plugins.JvmPlugin,sbt.plugins.MiniDependencyTreePlugin,sbt.plugins.JUnitXmlReportPlugin,sbt.plugins.SemanticdbPlugin)
[debug] Plugins.deducer#function took 1.6352 ms
[info] loading settings for project tcp-server-build from plugins.sbt,idea632.sbt ...
[debug]               Load.resolveProject(tcp-server-build) took 2.9268ms
[debug]             Load.loadTransitive: finalizeProject(Project(id tcp-server-build, base: D:\Scala\Projects\tcp-server\project, plugins: List(<none>))) took 5.0517ms
[debug] [Loading] Done in D:\Scala\Projects\tcp-server\project, returning: (tcp-server-build)
[debug]           Load.loadUnit: loadedProjectsRaw took 136.0181ms
[debug]           Load.loadUnit: cleanEvalClasses took 4.3068ms
[debug]         Load.loadUnit(file:/D:/Scala/Projects/tcp-server/project/, ...) took 158.813ms
[debug]       Load.apply: load took 159.8989ms
[debug]       Load.apply: resolveProjects took 0.076ms
[debug]       Load.apply: finalTransforms took 10.5811ms
[debug]       Load.apply: config.delegates took 0.4165ms
[debug]       Load.apply: Def.make(settings)... took 74.7615ms
[debug]       Load.apply: structureIndex took 23.2596ms
[debug]       Load.apply: mkStreams took 0.0027ms
[info] loading project definition from D:\Scala\Projects\tcp-server\project
[debug] Running task... Cancel: Signal, check cycles: false, forcegc: true
[debug]     Load.loadUnit: plugins took 527.2247ms
[debug]     Load.loadUnit: defsScala took 0.0027ms
[debug] [Loading] Scanning directory D:\Scala\Projects\tcp-server
[debug]       Load.loadUnit: mkEval took 0.2509ms
[debug] [Loading] Found non-root projects 
[debug] [Loading] Done in D:\Scala\Projects\tcp-server, returning: ()
[debug] deducing auto plugins based on known facts Set(Atom(sbt.plugins.CorePlugin)) and clauses Clauses(List(Clause(Atom(sbt.plugins.JvmPlugin),Set(Atom(sbt.plugins.IvyPlugin))), Clause(Atom(sbt.ScriptedPlugin),Set(Atom(sbt.plugins.JvmPlugin))), Clause(Atom(sbt.plugins.SbtPlugin),Set(Atom(sbt.ScriptedPlugin))), Clause(Atom(sbt.plugins.SemanticdbPlugin),Set(Atom(sbt.plugins.JvmPlugin))), Clause(Atom(sbt.plugins.JUnitXmlReportPlugin),Set(Atom(sbt.plugins.JvmPlugin))), Clause(Atom(sbt.plugins.MiniDependencyTreePlugin),Set(Atom(sbt.plugins.JvmPlugin))), Clause(Atom(com.typesafe.sbteclipse.plugin.EclipsePlugin),Set(Atom(sbt.plugins.JvmPlugin))), Clause(Atom(org.jetbrains.sbt.StructurePlugin),Set(Atom(sbt.plugins.JvmPlugin))), Clause(Atom(org.jetbrains.sbt.IdeaShellPlugin),Set(Atom(sbt.plugins.JvmPlugin))), Clause(Atom(org.jetbrains.sbt.indices.SbtIntellijIndicesPlugin),Set(Atom(sbt.plugins.JvmPlugin))), Clause(Atom(sbt.plugins.CorePlugin),Set(Atom(sbt.plugins.IvyPlugin))), Clause(Atom(sbt.plugins.IvyPlugin),Set(Atom(sbt.plugins.JvmPlugin))), Clause(Atom(sbt.plugins.JvmPlugin),Set(Atom(sbt.plugins.SemanticdbPlugin))), Clause(Atom(sbt.plugins.JvmPlugin),Set(Atom(sbt.plugins.JUnitXmlReportPlugin))), Clause(Atom(sbt.plugins.CorePlugin),Set(Atom(sbt.plugins.Giter8TemplatePlugin))), Clause(Atom(sbt.plugins.JvmPlugin),Set(Atom(sbt.plugins.MiniDependencyTreePlugin))), Clause(Atom(sbt.plugins.JvmPlugin),Set(Atom(com.typesafe.sbteclipse.plugin.EclipsePlugin))), Clause(Atom(sbt.plugins.JvmPlugin),Set(Atom(org.jetbrains.sbt.StructurePlugin))), Clause(Atom(sbt.plugins.JvmPlugin),Set(Atom(org.jetbrains.sbt.IdeaShellPlugin))), Clause(And(Set(Atom(sbt.plugins.CorePlugin), Atom(sbt.plugins.JvmPlugin))),Set(Atom(org.jetbrains.sbt.indices.SbtIntellijIndicesPlugin)))))
[debug]   :: deduced result: Matched(sbt.plugins.CorePlugin,sbt.plugins.Giter8TemplatePlugin,sbt.plugins.IvyPlugin,sbt.plugins.JvmPlugin,com.typesafe.sbteclipse.plugin.EclipsePlugin,sbt.plugins.SemanticdbPlugin,org.jetbrains.sbt.indices.SbtIntellijIndicesPlugin,sbt.plugins.JUnitXmlReportPlugin,org.jetbrains.sbt.IdeaShellPlugin,org.jetbrains.sbt.StructurePlugin,sbt.plugins.MiniDependencyTreePlugin)
[debug] Plugins.deducer#function took 2.9333 ms
[info] loading settings for project tcp-server from build.sbt ...
[debug]         Load.resolveProject(tcp-server) took 31.9372ms
[debug]       Load.loadTransitive: finalizeProject(Project(id tcp-server, base: D:\Scala\Projects\tcp-server, plugins: List(<none>))) took 36.3013ms
[debug] [Loading] Done in D:\Scala\Projects\tcp-server, returning: (tcp-server)
[debug]     Load.loadUnit: loadedProjectsRaw took 85.026ms
[debug]     Load.loadUnit: cleanEvalClasses took 3.4989ms
[debug]   Load.loadUnit(file:/D:/Scala/Projects/tcp-server/, ...) took 616.2803ms
[debug] Load.apply: load took 617.4713ms
[debug] Load.apply: resolveProjects took 0.1114ms
[debug] Load.apply: finalTransforms took 27.1737ms
[debug] Load.apply: config.delegates took 0.3957ms
[debug] Load.apply: Def.make(settings)... took 101.8782ms
[debug] Load.apply: structureIndex took 27.0112ms
[debug] Load.apply: mkStreams took 0.0028ms
[info] set current project to tcp-server (in build file:/D:/Scala/Projects/tcp-server/)
[debug] > Exec(sbtPopOnFailure, None, None)
[debug] > Exec(resumeFromFailure, None, None)
[debug] > Exec(notifyUsersAboutShell, None, None)
[debug] > Exec(iflast shell, None, None)
[debug] > Exec(; set ideaPort in Global := 54460 ; idea-shell, None, None)
[debug] > Exec(set ideaPort in Global := 54460, None, None)
[info] Defining Global / ideaPort
[info] The new value will be used by Compile / compile, Test / compile
[debug] Defining 
[debug] 	Global / ideaPort
[debug] 
[debug] The new value will be used by 
[debug] 	Compile / compile
[debug] 	Test / compile
[info] Reapplying settings...
[info] set current project to tcp-server (in build file:/D:/Scala/Projects/tcp-server/)
[debug] > Exec(idea-shell, None, None)
