[debug] > Exec(early(addDefaultCommands), None, None)
[debug] > Exec(addDefaultCommands, None, None)
[debug] > Exec(early(initialize), None, None)
[debug] > Exec(initialize, None, None)
[debug] > Exec(early(addPluginSbtFile="""C:\Users\stani\AppData\Local\Temp\idea199.sbt"""), None, None)
[debug] > Exec(addPluginSbtFile="""C:\Users\stani\AppData\Local\Temp\idea199.sbt""", None, None)
[debug] > Exec(boot, None, None)
[debug] > Exec(writeSbtVersion, None, None)
[debug] > Exec(reload, None, None)
[debug] > Exec(sbtStashOnFailure, None, None)
[debug] > Exec(onFailure loadFailed, None, None)
[debug] > Exec(loadp, None, None)
[info] welcome to sbt 1.4.3 (AdoptOpenJDK Java 11.0.10)
[debug]       Load.loadUnit: plugins took 94.5701ms
[debug]       Load.loadUnit: defsScala took 0.241ms
[debug] [Loading] Scanning directory C:\Users\stani\.sbt\1.0\plugins
[debug] [Loading] Found non-root projects 
[debug] [Loading] Done in C:\Users\stani\.sbt\1.0\plugins, returning: ()
[debug] deducing auto plugins based on known facts Set(Atom(sbt.plugins.CorePlugin)) and clauses Clauses(List(Clause(Atom(sbt.plugins.JvmPlugin),Set(Atom(sbt.plugins.IvyPlugin))), Clause(Atom(sbt.ScriptedPlugin),Set(Atom(sbt.plugins.JvmPlugin))), Clause(Atom(sbt.plugins.SbtPlugin),Set(Atom(sbt.ScriptedPlugin))), Clause(Atom(sbt.plugins.SemanticdbPlugin),Set(Atom(sbt.plugins.JvmPlugin))), Clause(Atom(sbt.plugins.JUnitXmlReportPlugin),Set(Atom(sbt.plugins.JvmPlugin))), Clause(Atom(sbt.plugins.MiniDependencyTreePlugin),Set(Atom(sbt.plugins.JvmPlugin))), Clause(Atom(sbt.plugins.CorePlugin),Set(Atom(sbt.plugins.IvyPlugin))), Clause(Atom(sbt.plugins.IvyPlugin),Set(Atom(sbt.plugins.JvmPlugin))), Clause(Atom(sbt.plugins.JvmPlugin),Set(Atom(sbt.plugins.SemanticdbPlugin))), Clause(Atom(sbt.plugins.JvmPlugin),Set(Atom(sbt.plugins.JUnitXmlReportPlugin))), Clause(Atom(sbt.plugins.CorePlugin),Set(Atom(sbt.plugins.Giter8TemplatePlugin))), Clause(Atom(sbt.plugins.JvmPlugin),Set(Atom(sbt.plugins.MiniDependencyTreePlugin)))))
[debug]   :: deduced result: Matched(sbt.plugins.CorePlugin,sbt.plugins.Giter8TemplatePlugin,sbt.plugins.IvyPlugin,sbt.plugins.JvmPlugin,sbt.plugins.MiniDependencyTreePlugin,sbt.plugins.JUnitXmlReportPlugin,sbt.plugins.SemanticdbPlugin)
[debug] Plugins.deducer#function took 19.4951 ms
[debug]           Load.resolveProject(global-plugins) took 44.0821ms
[debug]         Load.loadTransitive: finalizeProject(Project(id global-plugins, base: C:\Users\stani\.sbt\1.0\plugins, plugins: List(<none>))) took 94.9097ms
[debug] [Loading] Done in C:\Users\stani\.sbt\1.0\plugins, returning: (global-plugins)
[debug]       Load.loadUnit: loadedProjectsRaw took 113.6076ms
[debug]       Load.loadUnit: cleanEvalClasses took 0.2709ms
[debug]     Load.loadUnit(file:/C:/Users/stani/.sbt/1.0/plugins/, ...) took 216.9904ms
[debug]   Load.apply: load took 500.8025ms
[debug]   Load.apply: resolveProjects took 14.0785ms
[debug]   Load.apply: finalTransforms took 123.3869ms
[debug]   Load.apply: config.delegates took 13.3016ms
[debug]   Load.apply: Def.make(settings)... took 1285.8898ms
[debug]   Load.apply: structureIndex took 161.6103ms
[debug]   Load.apply: mkStreams took 2.0988ms
[info] loading global plugins from C:\Users\stani\.sbt\1.0\plugins
[debug] Running task... Cancel: Signal, check cycles: false, forcegc: true
[debug] Load.defaultLoad until apply took 4703.0666ms
[debug]           Load.loadUnit: plugins took 26.6905ms
[debug]           Load.loadUnit: defsScala took 0.0054ms
[debug] [Loading] Scanning directory D:\Scala\Projects\tcp-server\project
[debug]             Load.loadUnit: mkEval took 9.0239ms
[debug] [Loading] Found non-root projects 
[debug] [Loading] Done in D:\Scala\Projects\tcp-server\project, returning: ()
[debug] deducing auto plugins based on known facts Set(Atom(sbt.plugins.CorePlugin)) and clauses Clauses(List(Clause(Atom(sbt.plugins.JvmPlugin),Set(Atom(sbt.plugins.IvyPlugin))), Clause(Atom(sbt.ScriptedPlugin),Set(Atom(sbt.plugins.JvmPlugin))), Clause(Atom(sbt.plugins.SbtPlugin),Set(Atom(sbt.ScriptedPlugin))), Clause(Atom(sbt.plugins.SemanticdbPlugin),Set(Atom(sbt.plugins.JvmPlugin))), Clause(Atom(sbt.plugins.JUnitXmlReportPlugin),Set(Atom(sbt.plugins.JvmPlugin))), Clause(Atom(sbt.plugins.MiniDependencyTreePlugin),Set(Atom(sbt.plugins.JvmPlugin))), Clause(Atom(sbt.plugins.CorePlugin),Set(Atom(sbt.plugins.IvyPlugin))), Clause(Atom(sbt.plugins.IvyPlugin),Set(Atom(sbt.plugins.JvmPlugin))), Clause(Atom(sbt.plugins.JvmPlugin),Set(Atom(sbt.plugins.SemanticdbPlugin))), Clause(Atom(sbt.plugins.JvmPlugin),Set(Atom(sbt.plugins.JUnitXmlReportPlugin))), Clause(Atom(sbt.plugins.CorePlugin),Set(Atom(sbt.plugins.Giter8TemplatePlugin))), Clause(Atom(sbt.plugins.JvmPlugin),Set(Atom(sbt.plugins.MiniDependencyTreePlugin)))))
[debug]   :: deduced result: Matched(sbt.plugins.CorePlugin,sbt.plugins.Giter8TemplatePlugin,sbt.plugins.IvyPlugin,sbt.plugins.JvmPlugin,sbt.plugins.MiniDependencyTreePlugin,sbt.plugins.JUnitXmlReportPlugin,sbt.plugins.SemanticdbPlugin)
[debug] Plugins.deducer#function took 1.6122 ms
[info] loading settings for project tcp-server-build from plugins.sbt,idea199.sbt ...
[debug]               Load.resolveProject(tcp-server-build) took 3.702ms
[debug]             Load.loadTransitive: finalizeProject(Project(id tcp-server-build, base: D:\Scala\Projects\tcp-server\project, plugins: List(<none>))) took 5.8604ms
[debug] [Loading] Done in D:\Scala\Projects\tcp-server\project, returning: (tcp-server-build)
[debug]           Load.loadUnit: loadedProjectsRaw took 130.9812ms
[debug]           Load.loadUnit: cleanEvalClasses took 5.8243ms
[debug]         Load.loadUnit(file:/D:/Scala/Projects/tcp-server/project/, ...) took 164.5319ms
[debug]       Load.apply: load took 165.5627ms
[debug]       Load.apply: resolveProjects took 0.0924ms
[debug]       Load.apply: finalTransforms took 8.5642ms
[debug]       Load.apply: config.delegates took 0.5222ms
[debug]       Load.apply: Def.make(settings)... took 102.8422ms
[debug]       Load.apply: structureIndex took 31.7058ms
[debug]       Load.apply: mkStreams took 0.0023ms
[info] loading project definition from D:\Scala\Projects\tcp-server\project
[debug] Running task... Cancel: Signal, check cycles: false, forcegc: true
[debug]     Load.loadUnit: plugins took 551.4507ms
[debug]     Load.loadUnit: defsScala took 0.0041ms
[debug] [Loading] Scanning directory D:\Scala\Projects\tcp-server
[debug]       Load.loadUnit: mkEval took 0.473ms
[debug] [Loading] Found non-root projects 
[debug] [Loading] Done in D:\Scala\Projects\tcp-server, returning: ()
[debug] deducing auto plugins based on known facts Set(Atom(sbt.plugins.CorePlugin)) and clauses Clauses(List(Clause(Atom(sbt.plugins.JvmPlugin),Set(Atom(sbt.plugins.IvyPlugin))), Clause(Atom(sbt.ScriptedPlugin),Set(Atom(sbt.plugins.JvmPlugin))), Clause(Atom(sbt.plugins.SbtPlugin),Set(Atom(sbt.ScriptedPlugin))), Clause(Atom(sbt.plugins.SemanticdbPlugin),Set(Atom(sbt.plugins.JvmPlugin))), Clause(Atom(sbt.plugins.JUnitXmlReportPlugin),Set(Atom(sbt.plugins.JvmPlugin))), Clause(Atom(sbt.plugins.MiniDependencyTreePlugin),Set(Atom(sbt.plugins.JvmPlugin))), Clause(Atom(com.typesafe.sbteclipse.plugin.EclipsePlugin),Set(Atom(sbt.plugins.JvmPlugin))), Clause(Atom(org.jetbrains.sbt.StructurePlugin),Set(Atom(sbt.plugins.JvmPlugin))), Clause(Atom(org.jetbrains.sbt.IdeaShellPlugin),Set(Atom(sbt.plugins.JvmPlugin))), Clause(Atom(org.jetbrains.sbt.indices.SbtIntellijIndicesPlugin),Set(Atom(sbt.plugins.JvmPlugin))), Clause(Atom(sbt.plugins.CorePlugin),Set(Atom(sbt.plugins.IvyPlugin))), Clause(Atom(sbt.plugins.IvyPlugin),Set(Atom(sbt.plugins.JvmPlugin))), Clause(Atom(sbt.plugins.JvmPlugin),Set(Atom(sbt.plugins.SemanticdbPlugin))), Clause(Atom(sbt.plugins.JvmPlugin),Set(Atom(sbt.plugins.JUnitXmlReportPlugin))), Clause(Atom(sbt.plugins.CorePlugin),Set(Atom(sbt.plugins.Giter8TemplatePlugin))), Clause(Atom(sbt.plugins.JvmPlugin),Set(Atom(sbt.plugins.MiniDependencyTreePlugin))), Clause(Atom(sbt.plugins.JvmPlugin),Set(Atom(com.typesafe.sbteclipse.plugin.EclipsePlugin))), Clause(Atom(sbt.plugins.JvmPlugin),Set(Atom(org.jetbrains.sbt.StructurePlugin))), Clause(Atom(sbt.plugins.JvmPlugin),Set(Atom(org.jetbrains.sbt.IdeaShellPlugin))), Clause(And(Set(Atom(sbt.plugins.CorePlugin), Atom(sbt.plugins.JvmPlugin))),Set(Atom(org.jetbrains.sbt.indices.SbtIntellijIndicesPlugin)))))
[debug]   :: deduced result: Matched(sbt.plugins.CorePlugin,sbt.plugins.Giter8TemplatePlugin,sbt.plugins.IvyPlugin,sbt.plugins.JvmPlugin,com.typesafe.sbteclipse.plugin.EclipsePlugin,sbt.plugins.SemanticdbPlugin,org.jetbrains.sbt.indices.SbtIntellijIndicesPlugin,sbt.plugins.JUnitXmlReportPlugin,org.jetbrains.sbt.IdeaShellPlugin,org.jetbrains.sbt.StructurePlugin,sbt.plugins.MiniDependencyTreePlugin)
[debug] Plugins.deducer#function took 2.8272 ms
[info] loading settings for project tcp-server from build.sbt ...
[debug]         Load.resolveProject(tcp-server) took 41.8786ms
[debug]       Load.loadTransitive: finalizeProject(Project(id tcp-server, base: D:\Scala\Projects\tcp-server, plugins: List(<none>))) took 45.7605ms
[debug] [Loading] Done in D:\Scala\Projects\tcp-server, returning: (tcp-server)
[debug]     Load.loadUnit: loadedProjectsRaw took 97.2706ms
[debug]     Load.loadUnit: cleanEvalClasses took 5.5296ms
[debug]   Load.loadUnit(file:/D:/Scala/Projects/tcp-server/, ...) took 655.0625ms
[debug] Load.apply: load took 656.5004ms
[debug] Load.apply: resolveProjects took 0.2005ms
[debug] Load.apply: finalTransforms took 36.587ms
[debug] Load.apply: config.delegates took 0.9652ms
[debug] Load.apply: Def.make(settings)... took 126.4628ms
[debug] Load.apply: structureIndex took 59.9859ms
[debug] Load.apply: mkStreams took 0.0033ms
[info] set current project to tcp-server (in build file:/D:/Scala/Projects/tcp-server/)
[debug] > Exec(sbtPopOnFailure, None, None)
[debug] > Exec(resumeFromFailure, None, None)
[debug] > Exec(notifyUsersAboutShell, None, None)
[debug] > Exec(iflast shell, None, None)
[debug] > Exec(; set ideaPort in Global := 54460 ; idea-shell, None, None)
[debug] > Exec(set ideaPort in Global := 54460, None, None)
[info] Defining Global / ideaPort
[info] The new value will be used by Compile / compile, Test / compile
[debug] Defining 
[debug] 	Global / ideaPort
[debug] 
[debug] The new value will be used by 
[debug] 	Compile / compile
[debug] 	Test / compile
[info] Reapplying settings...
[info] set current project to tcp-server (in build file:/D:/Scala/Projects/tcp-server/)
[debug] > Exec(idea-shell, None, None)
